 

          **************************************************************
          *                                                            *
          *        ****   *****   *****   *    *  *    *  *****        *
          *       *    *  *    *  *    *  *   *   *   *   *    *       *
          *       *       *    *  *    *  *  *    *  *    *    *       *
          *        ****   *****   *****   * *     * *     *****        *
          *            *  *       *  *    ** *    ** *    *  *         *
          *       *    *  *       *   *   *   *   *   *   *   *        *
          *        ****   *       *    *  *    *  *    *  *    *       *
          *                                                            *
          *------------------------------------------------------------*
          *       KKRGEN  VERSION  8.6.0          (C) 2021  H. Ebert   *
          **************************************************************


          programm execution  on    05/09/2024    at   13:48:39

          Git branch       : master
          Git hash         : 4b4bb9078fc6a11511bb6471aad5a80e314a39bb
          Date of commit   : Mon May 17 16:27:30 2021 +0200
          Files changed as compared to commit (hash above): dmft_green_la.f90 gitstamp.sh lkkr_initvars.f lkkr_k0set.f mod_spec.f mod_spec_commons.f scf.f spec_derivatf.f spec_doublerad.f spec_eigen.f spec_inputs.f spec_mat.f spec_me_utrans.f spec_potfull_spkkr.f spec_rmat.f spec_rslab.f spec_rslab_1.f spec_rslabsub.f spec_vbrun.f spec_wavfun_zj_rh.f specmain.f 
          Compiled on      : Linux pedell 5.13.0-051300-generic GNU/Linux
          Date of compile  : Sun Aug  8 23:59:00 CEST 2021

          MPI calculation with NPROCS = 4


 *******************************************************************************
                                 <GETLRECREAL>
 *******************************************************************************

          record length parameter for REAL's   LRECREAL8 =  8
          a double precision real*8 is stored in 8 Bytes              



 *******************************************************************************
                                    <POTRD2>
 *******************************************************************************


          system dimension: 3D        
          system type:      BULK                          
          SCF status:       CONVERGED 



 *******************************************************************************
                               <INIT_MOD_LATTICE>
 *******************************************************************************

          initialize the module <MOD_LATTICE> according to SYSDIM = 3D

          set up basis vectors for reciprocal space 


          real space Bravais lattice: cubic       body-centered  m3m    O_h 

          primitive vectors for real space Bravais lattice

            (  -0.50000,   0.50000,   0.50000 )
            (   0.50000,  -0.50000,   0.50000 )
            (   0.50000,   0.50000,  -0.50000 )

          basis vectors in units of a

            (   0.00000,   0.00000,   0.00000 )

          primitive vectors of reciprocal space Bravais lattice
                 in units of 2*pi/a

            (   0.00000,   1.00000,   1.00000 )
            (   1.00000,   0.00000,   1.00000 )
            (   1.00000,   1.00000,   0.00000 )


 *******************************************************************************
                                   <SYMINIT>
 *******************************************************************************

          set up possible symmetry operations for the 
          real space Bravais lattice: cubic       body-centered  m3m    O_h 

          crystal system   7     CUB

          symmetry operations to scan       NSYM  48
          maximum possible symmetry operations    48

           T T T T T T T T T T T T T T T T T T T T T T T T
           T T T T T T T T T T T T T T T T T T T T T T T T


 *******************************************************************************
                                  <SYMLATTICE>
 *******************************************************************************

          find out symmetry properties of the lattice


          crystal system accepted symmetry operations      48
          accepted symmetry operations   NSYMACCEPTED      16
          operations NSYM (loops)        NSYM              48
          operations NSYM w/o INV        NSYM_WO_INV       24


       I    Euler angles  INV SYMBOL TIM     shift  ->DQ     Q' 
       1     0    0    0       E           0.00  0.00  0.00   1
       2     0  180  180       C2x    T    0.00  0.00  0.00   1
       3     0  180    0       C2y    T    0.00  0.00  0.00   1
       4     0    0  180       C2z         0.00  0.00  0.00   1
      15     0    0   90       C+4z        0.00  0.00  0.00   1
      18     0    0  270       C-4z        0.00  0.00  0.00   1
      19     0  180   90       C2a    T    0.00  0.00  0.00   1
      20     0  180  270       C2b    T    0.00  0.00  0.00   1
      25     0    0    0   I   I           0.00  0.00  0.00   1
      26     0  180  180   I   sx     T    0.00  0.00  0.00   1
      27     0  180    0   I   sy     T    0.00  0.00  0.00   1
      28     0    0  180   I   sz          0.00  0.00  0.00   1
      39     0    0   90   I   S-4z        0.00  0.00  0.00   1
      42     0    0  270   I   S+4z        0.00  0.00  0.00   1
      43     0  180   90   I   sda    T    0.00  0.00  0.00   1
      44     0  180  270   I   sdb    T    0.00  0.00  0.00   1

          the detected  16 symmetry operations form a group


          BZ-wedges to be treated  NWEDGE   3
          created by operations  
           1  E       5  C+31    9  C-31


 *******************************************************************************
                                    <SYMROT>
 *******************************************************************************

          set up of rotation matrices  DROT  for IREL = 3

          CHECK of rotation matrices   DROT  for COMPLEX spherical harmonics
          comparison of analytical and numerical results
          out of  1944 elements     0 deviate more than TOL =   1.0E-08
          maximum deviation found:    2.5E-14



 *******************************************************************************
                                  <INIT_RADII>
 *******************************************************************************


                   muffin tin and Wigner-Seitz radii

                   IM    RMT               RWS     final setting in  <INIT_RADII>
                    1  2.34845044272885  2.67038919691684


 *******************************************************************************
                                 <POTRDSPR>
 *******************************************************************************

          POTFMTINP =  9

 SPR-KKR dataset created by KKRSCF                                               

          radial mesh parameters:

          IM    JRMT   R(JRMT)    RMT      JRWS    RWS       DX
           1    714   2.31257   2.34845    721   2.67039   0.020552409

          Bravais lattice:                cubic       body-centered
          lattice constant  ALAT               5.42351
          number of sites   NQ                       1
          average Wigner-Seitz radius          2.67039



          potential data for IT =  1 ..   1
          =================================

    1    0.000001  -51.999816    0.000000
   31    0.000002  -51.999659    0.000000
   61    0.000003  -51.999367    0.000000
   91    0.000006  -51.998824    0.000000
  121    0.000012  -51.997818    0.000000
  151    0.000022  -51.995949    0.000000
  181    0.000040  -51.992480    0.000000
  211    0.000075  -51.986039    0.000000
  241    0.000139  -51.974079    0.000000
  271    0.000257  -51.951863    0.000000
  301    0.000476  -51.910574    0.000000
  331    0.000882  -51.833760    0.000001
  361    0.001634  -51.690655    0.000001
  391    0.003027  -51.423633    0.000002
  421    0.005608  -50.925445    0.000003
  451    0.010390  -50.002980    0.000006
  481    0.019248  -48.341136    0.000009
  511    0.035658  -45.522459    0.000014
  541    0.066059  -41.108475    0.000019
  571    0.122378  -34.782954   -0.000331
  601    0.226714  -26.717141   -0.005281
  631    0.420003  -17.782621   -0.052871
  661    0.778084   -8.961935   -0.082609
  691    1.441453   -2.630742   -0.082981
  721    2.670389    0.073022    0.022490
  721    2.670389    0.073022    0.022490
  

                   spin-polarized calculation

                   SELFENERGY applied:NONE      


   number of lattice sites (NQ):   1

   site NL mesh MGAM MTET MPHI   RWS  CPA NOQ IT ELMT VAL CONC QREP SYMG eq.sit.
     1   3   1     0    0    0 2.6704  0   1                     1    1   1
                                               1 Fe     8 1.00
   average                     2.6704          total    8.00

   KMROT:     0   no M-rotation          MOMENTS_ROTATED:  F
   QMVEC:   0.000  0.000  0.000



   number of atomic types  (NT):   1

   type TXTT   NL VAL COR mesh    RMT     RWS   NAT  CONC  on sites
     1  Fe      3   8  18   1   2.3485  2.6704   1  1.000   1




 mmmmmmmmmmmmmmmmmmmmmmmmmmmmmmmmmmmmmmmmmmmmmmmmmmmmmmmmmmmmmmmmmmmmmmmmmmmmmmm

          FULLY relativistic calculation 

          the  BREIT interaction  will be ignored

          the  ORBITAL POLARISATION  will be ignored

          solver for     spherical Dirac equation: BS           TOL = 2.0E-08

          solver for spherical equation:     BS        


          SWS =  2.670389     ALAT =  5.423514

          NQ =  1     NL =  3     NLM =   9   NQ*NLM =   9
                      NK =  5     NKM =  18     NKKR =  18     NLIN =  30

          POTFMTINP = 9     POTFMTOUT = 9
          RDTAU     = F
          WRTAU     = F
          PLOTPOT   = F     PLOTRHO   = F     PLOTSFN   = F
          PLOT2DPOT = F     PLOT2DRHO = F
          IPRINT    = 0     ITEST     = 0     WRMAT     = F
          INITELOOP = T     RUNELOOP  = F     SPLITSS   = F
          adjusted          BRAVAIS   = F
          symmetrized       BASIS     = F
          optimized         BASIS     = F
          NO_SYM for        HOST      = F     CLU       = F     LINRESP   = F
          symmetrize        MSS       = T     TAU       = F
                            RHO       = T     POT       = F
          LLOYD      = F
          GF_CONV_RH = F
          NONMAG     = F
          FULLPOT    = F
          FULLCHARGE = F

          TASK       = BSF       

          SYSDIM     = 3D        
          SYSTYPE    = BULK                          
          SUBSYSTEM  = BULK                          
          KKRMODE    = STANDARD-KKR                  

 eeeeeeeeeeeeeeeeeeeeeeeeeeeeeeeeeeeeeeeeeeeeeeeeeeeeeeeeeeeeeeeeeeeeeeeeeeeeeee

          energy path:  STRAIGHT CPLX. PATH PARA. TO REAL AXIS  
          energies  :         200
          E_min     :   -0.200000
          E_max     :    0.200000
          Im(E)     :    0.001000
          E_Fermi   :    0.735364
  

 *******************************************************************************
                                   <STRINIT>
 *******************************************************************************

          parameters for calculation of structure constants:

          primitive vectors for Bravais lattice

            (  -0.50000,   0.50000,   0.50000 )
            (   0.50000,  -0.50000,   0.50000 )
            (   0.50000,   0.50000,  -0.50000 )

          basis vectors in units of a

            (   0.00000,   0.00000,   0.00000 )

          primitive vectors of reciprocal space
                 in units of 2*pi/a

            (   0.00000,   1.00000,   1.00000 )
            (   1.00000,   0.00000,   1.00000 )
            (   1.00000,   1.00000,   0.00000 )

          number of inequivalent QQP-block-matrices  NQQP_STR     =       1
          reduced number of inequiv. block-matrices  NQQP_STR_RED =       1



          RMAX  =    3.0388          GMAX  =    3.6179
          RMAX1 =    0.0000          GMAX1 =    1.4142
          RA    =    3.0388          GA    =    3.6179

          NUMR  =         9          NUMG  =         7
          NRDL  =       259          NGRL  =       225

          for LMAX = 2    96 non-zero GAUNTS tabulated


 *******************************************************************************
            array sizes for calculation of structure constants
 *******************************************************************************
                                          used              available
          G-vectors table       NGRL       225        NGRLMAX     729
          R-vectors table       NRDL       259        NRDLMAX    1331
          R-vectors (max.)      SMAX       259        NSDL        259
          R-vectors (min.)      SMAX       259
          l-max + 1             NL           3        NLMAX         3
          sites                 NQ_STR       1        NQMAX         1
          q-q'-blocks           NQQP_STR     1        LIMIT         1
          auxilary array        R123MAX      4
          auxilary array        G123MAX      3
          Davis eq. (13)        J13MAX     113        LIMIT       300
          Davis eq. (22)        J22MAX      30        LIMIT       150
          Gaunts                LRGNT12     45
          Gaunts                LRGNT123    96
          Ewald parameter       ETA       0.31
 *******************************************************************************


          <INIT_MOD_STR>: section 1 of module MOD_STR initialized
          allocated         586  integers        101842  reals (incl. complex)
          corresp. to         0  Mbytes               0  Mbytes


 ttttttttttttttttttttttttttttttttttttttttttttttttttttttttttttttttttttttttttttttt

          parameters for k-space integration:
          NWEDGE:   3  wedges:  1  5  9
          regular k-mesh used for point sampling

          k-vectors to start  NKPTS0                  12000
          k-vectors full BZ   NKTABNKTAB_FULL_BZ      10648
          mesh parameters     NBGL                     22   22   22
          k-vectors created   NKTAB                     834
          array size (NKTABMAX)                        1080



          ****************************
          no CPA-iteration required
          ****************************


 fffffffffffffffffffffffffffffffffffffffffffffffffffffffffffffffffffffffffffffff

          FILES:

          potential :  ( 4) Fe.pot_new
          Bloch-SF  :  (11) Fe_BSF_BLOCHSF.bsf
  
 

          **************************************************************
          *                                                            *
          *   *****  *      ****   ****  *    *        ****   ******   *
          *   *    * *     *    * *    * *    *       *    *  *        *
          *   *    * *     *    * *      *    *       *       *        *
          *   *****  *     *    * *      ******  ***   ****   ****     *
          *   *    * *     *    * *      *    *            *  *        *
          *   *    * *     *    * *    * *    *       *    *  *        *
          *   *****  *****  ****   ****  *    *        ****   *        *
          *                                                            *
          **************************************************************



 *******************************************************************************
                        Bloch spectral function  A(k,E)
 *******************************************************************************

          E(k)-relation mode for: 

          k-dir  1:   KA = ( 0.00 0.00 0.00 )    KE = ( 0.00 0.00 0.00 )
  
          Fermi energy         0.735364 Ry
          energy range        -0.200000   ---   0.200000 Ry
          with  NE =  200  NK =    1

     IE= 151  E=    0.1015    0.0010    all matrices set up  -  enter k-loop 
     IE= 152  E=    0.1035    0.0010    all matrices set up  -  enter k-loop 
     IE= 153  E=    0.1055    0.0010    all matrices set up  -  enter k-loop 
     IE= 154  E=    0.1075    0.0010    all matrices set up  -  enter k-loop 
     IE= 155  E=    0.1095    0.0010    all matrices set up  -  enter k-loop 
     IE= 156  E=    0.1116    0.0010    all matrices set up  -  enter k-loop 
     IE= 157  E=    0.1136    0.0010    all matrices set up  -  enter k-loop 
     IE= 158  E=    0.1156    0.0010    all matrices set up  -  enter k-loop 
     IE= 159  E=    0.1176    0.0010    all matrices set up  -  enter k-loop 
     IE= 160  E=    0.1196    0.0010    all matrices set up  -  enter k-loop 
     IE= 161  E=    0.1216    0.0010    all matrices set up  -  enter k-loop 
     IE= 162  E=    0.1236    0.0010    all matrices set up  -  enter k-loop 
     IE= 163  E=    0.1256    0.0010    all matrices set up  -  enter k-loop 
     IE= 164  E=    0.1276    0.0010    all matrices set up  -  enter k-loop 
     IE= 165  E=    0.1296    0.0010    all matrices set up  -  enter k-loop 
     IE= 166  E=    0.1317    0.0010    all matrices set up  -  enter k-loop 
     IE= 167  E=    0.1337    0.0010    all matrices set up  -  enter k-loop 
     IE= 168  E=    0.1357    0.0010    all matrices set up  -  enter k-loop 
     IE= 169  E=    0.1377    0.0010    all matrices set up  -  enter k-loop 
     IE= 170  E=    0.1397    0.0010    all matrices set up  -  enter k-loop 
     IE= 171  E=    0.1417    0.0010    all matrices set up  -  enter k-loop 
     IE= 172  E=    0.1437    0.0010    all matrices set up  -  enter k-loop 
     IE= 173  E=    0.1457    0.0010    all matrices set up  -  enter k-loop 
     IE= 174  E=    0.1477    0.0010    all matrices set up  -  enter k-loop 
     IE= 175  E=    0.1497    0.0010    all matrices set up  -  enter k-loop 
     IE= 176  E=    0.1518    0.0010    all matrices set up  -  enter k-loop 
     IE= 177  E=    0.1538    0.0010    all matrices set up  -  enter k-loop 
     IE= 178  E=    0.1558    0.0010    all matrices set up  -  enter k-loop 
     IE= 179  E=    0.1578    0.0010    all matrices set up  -  enter k-loop 
     IE= 180  E=    0.1598    0.0010    all matrices set up  -  enter k-loop 
     IE= 181  E=    0.1618    0.0010    all matrices set up  -  enter k-loop 
     IE= 182  E=    0.1638    0.0010    all matrices set up  -  enter k-loop 
     IE= 183  E=    0.1658    0.0010    all matrices set up  -  enter k-loop 
     IE= 184  E=    0.1678    0.0010    all matrices set up  -  enter k-loop 
     IE= 185  E=    0.1698    0.0010    all matrices set up  -  enter k-loop 
     IE= 186  E=    0.1719    0.0010    all matrices set up  -  enter k-loop 
     IE= 187  E=    0.1739    0.0010    all matrices set up  -  enter k-loop 
     IE= 188  E=    0.1759    0.0010    all matrices set up  -  enter k-loop 
     IE= 189  E=    0.1779    0.0010    all matrices set up  -  enter k-loop 
     IE= 190  E=    0.1799    0.0010    all matrices set up  -  enter k-loop 
     IE= 191  E=    0.1819    0.0010    all matrices set up  -  enter k-loop 
     IE= 192  E=    0.1839    0.0010    all matrices set up  -  enter k-loop 
     IE= 193  E=    0.1859    0.0010    all matrices set up  -  enter k-loop 
     IE= 194  E=    0.1879    0.0010    all matrices set up  -  enter k-loop 
     IE= 195  E=    0.1899    0.0010    all matrices set up  -  enter k-loop 
     IE= 196  E=    0.1920    0.0010    all matrices set up  -  enter k-loop 
     IE= 197  E=    0.1940    0.0010    all matrices set up  -  enter k-loop 
     IE= 198  E=    0.1960    0.0010    all matrices set up  -  enter k-loop 
     IE= 199  E=    0.1980    0.0010    all matrices set up  -  enter k-loop 
     IE= 200  E=    0.2000    0.0010    all matrices set up  -  enter k-loop 
   

          Bloch spectral function   
           written to the file Fe_BSF_BLOCHSF.agr

 *******************************************************************************
 *******************************************************************************

          MPI process number  0  out of   4 processes
          calculation for task = BSF       
          finished in subroutine <BLOCHSF>
          run time info  CPU      2.955 sec
                         WALL     2.573 sec

 *******************************************************************************
 *******************************************************************************

          program stopped regularly via STOP_REGULAR

Note: The following floating-point exceptions are signalling: IEEE_DENORMAL
Note: The following floating-point exceptions are signalling: IEEE_DENORMAL
Note: The following floating-point exceptions are signalling: IEEE_DENORMAL
Note: The following floating-point exceptions are signalling: IEEE_DENORMAL
