 

          **************************************************************
          *                                                            *
          *        ****   *****   *****   *    *  *    *  *****        *
          *       *    *  *    *  *    *  *   *   *   *   *    *       *
          *       *       *    *  *    *  *  *    *  *    *    *       *
          *        ****   *****   *****   * *     * *     *****        *
          *            *  *       *  *    ** *    ** *    *  *         *
          *       *    *  *       *   *   *   *   *   *   *   *        *
          *        ****   *       *    *  *    *  *    *  *    *       *
          *                                                            *
          *------------------------------------------------------------*
          *       KKRGEN  VERSION  8.6.0          (C) 2021  H. Ebert   *
          **************************************************************


          programm execution  on    05/09/2024    at   13:48:42

          Git branch       : master
          Git hash         : 4b4bb9078fc6a11511bb6471aad5a80e314a39bb
          Date of commit   : Mon May 17 16:27:30 2021 +0200
          Files changed as compared to commit (hash above): dmft_green_la.f90 gitstamp.sh lkkr_initvars.f lkkr_k0set.f mod_spec.f mod_spec_commons.f scf.f spec_derivatf.f spec_doublerad.f spec_eigen.f spec_inputs.f spec_mat.f spec_me_utrans.f spec_potfull_spkkr.f spec_rmat.f spec_rslab.f spec_rslab_1.f spec_rslabsub.f spec_vbrun.f spec_wavfun_zj_rh.f specmain.f 
          Compiled on      : Linux pedell 5.13.0-051300-generic GNU/Linux
          Date of compile  : Sun Aug  8 23:59:00 CEST 2021

          MPI calculation with NPROCS = 4


 *******************************************************************************
                                 <GETLRECREAL>
 *******************************************************************************

          record length parameter for REAL's   LRECREAL8 =  8
          a double precision real*8 is stored in 8 Bytes              



 *******************************************************************************
                                    <POTRD2>
 *******************************************************************************


          system dimension: 3D        
          system type:      BULK                          
          SCF status:       CONVERGED 



 *******************************************************************************
                               <INIT_MOD_LATTICE>
 *******************************************************************************

          initialize the module <MOD_LATTICE> according to SYSDIM = 3D

          set up basis vectors for reciprocal space 


          real space Bravais lattice: cubic       body-centered  m3m    O_h 

          primitive vectors for real space Bravais lattice

            (  -0.50000,   0.50000,   0.50000 )
            (   0.50000,  -0.50000,   0.50000 )
            (   0.50000,   0.50000,  -0.50000 )

          basis vectors in units of a

            (   0.00000,   0.00000,   0.00000 )

          primitive vectors of reciprocal space Bravais lattice
                 in units of 2*pi/a

            (   0.00000,   1.00000,   1.00000 )
            (   1.00000,   0.00000,   1.00000 )
            (   1.00000,   1.00000,   0.00000 )


 *******************************************************************************
                                   <SYMINIT>
 *******************************************************************************

          set up possible symmetry operations for the 
          real space Bravais lattice: cubic       body-centered  m3m    O_h 

          crystal system   7     CUB

          symmetry operations to scan       NSYM  48
          maximum possible symmetry operations    48

           T T T T T T T T T T T T T T T T T T T T T T T T
           T T T T T T T T T T T T T T T T T T T T T T T T


 *******************************************************************************
                                  <SYMLATTICE>
 *******************************************************************************

          find out symmetry properties of the lattice


          crystal system accepted symmetry operations      48
          accepted symmetry operations   NSYMACCEPTED      16
          operations NSYM (loops)        NSYM              48
          operations NSYM w/o INV        NSYM_WO_INV       24


       I    Euler angles  INV SYMBOL TIM     shift  ->DQ     Q' 
       1     0    0    0       E           0.00  0.00  0.00   1
       2     0  180  180       C2x    T    0.00  0.00  0.00   1
       3     0  180    0       C2y    T    0.00  0.00  0.00   1
       4     0    0  180       C2z         0.00  0.00  0.00   1
      15     0    0   90       C+4z        0.00  0.00  0.00   1
      18     0    0  270       C-4z        0.00  0.00  0.00   1
      19     0  180   90       C2a    T    0.00  0.00  0.00   1
      20     0  180  270       C2b    T    0.00  0.00  0.00   1
      25     0    0    0   I   I           0.00  0.00  0.00   1
      26     0  180  180   I   sx     T    0.00  0.00  0.00   1
      27     0  180    0   I   sy     T    0.00  0.00  0.00   1
      28     0    0  180   I   sz          0.00  0.00  0.00   1
      39     0    0   90   I   S-4z        0.00  0.00  0.00   1
      42     0    0  270   I   S+4z        0.00  0.00  0.00   1
      43     0  180   90   I   sda    T    0.00  0.00  0.00   1
      44     0  180  270   I   sdb    T    0.00  0.00  0.00   1

          the detected  16 symmetry operations form a group


          BZ-wedges to be treated  NWEDGE   3
          created by operations  
           1  E       5  C+31    9  C-31


 *******************************************************************************
                                    <SYMROT>
 *******************************************************************************

          set up of rotation matrices  DROT  for IREL = 3

          CHECK of rotation matrices   DROT  for COMPLEX spherical harmonics
          comparison of analytical and numerical results
          out of  1944 elements     0 deviate more than TOL =   1.0E-08
          maximum deviation found:    2.5E-14



 *******************************************************************************
                                  <INIT_RADII>
 *******************************************************************************


                   muffin tin and Wigner-Seitz radii

                   IM    RMT               RWS     final setting in  <INIT_RADII>
                    1  2.34845044272885  2.67038919691684


 *******************************************************************************
                                 <POTRDSPR>
 *******************************************************************************

          POTFMTINP =  9

 SPR-KKR dataset created by KKRSCF                                               

          radial mesh parameters:

          IM    JRMT   R(JRMT)    RMT      JRWS    RWS       DX
           1    714   2.31257   2.34845    721   2.67039   0.020552409

          Bravais lattice:                cubic       body-centered
          lattice constant  ALAT               5.42351
          number of sites   NQ                       1
          average Wigner-Seitz radius          2.67039



          potential data for IT =  1 ..   1
          =================================

    1    0.000001  -51.999816    0.000000
   31    0.000002  -51.999659    0.000000
   61    0.000003  -51.999367    0.000000
   91    0.000006  -51.998824    0.000000
  121    0.000012  -51.997818    0.000000
  151    0.000022  -51.995949    0.000000
  181    0.000040  -51.992480    0.000000
  211    0.000075  -51.986039    0.000000
  241    0.000139  -51.974079    0.000000
  271    0.000257  -51.951863    0.000000
  301    0.000476  -51.910574    0.000000
  331    0.000882  -51.833760    0.000001
  361    0.001634  -51.690655    0.000001
  391    0.003027  -51.423633    0.000002
  421    0.005608  -50.925445    0.000003
  451    0.010390  -50.002980    0.000006
  481    0.019248  -48.341136    0.000009
  511    0.035658  -45.522459    0.000014
  541    0.066059  -41.108475    0.000019
  571    0.122378  -34.782954   -0.000331
  601    0.226714  -26.717141   -0.005281
  631    0.420003  -17.782621   -0.052871
  661    0.778084   -8.961935   -0.082609
  691    1.441453   -2.630742   -0.082981
  721    2.670389    0.073022    0.022490
  721    2.670389    0.073022    0.022490
  

                   spin-polarized calculation

                   SELFENERGY applied:NONE      


   number of lattice sites (NQ):   1

   site NL mesh MGAM MTET MPHI   RWS  CPA NOQ IT ELMT VAL CONC QREP SYMG eq.sit.
     1   3   1     0    0    0 2.6704  0   1                     1    1   1
                                               1 Fe     8 1.00
   average                     2.6704          total    8.00

   KMROT:     0   no M-rotation          MOMENTS_ROTATED:  F
   QMVEC:   0.000  0.000  0.000



   number of atomic types  (NT):   1

   type TXTT   NL VAL COR mesh    RMT     RWS   NAT  CONC  on sites
     1  Fe      3   8  18   1   2.3485  2.6704   1  1.000   1




 mmmmmmmmmmmmmmmmmmmmmmmmmmmmmmmmmmmmmmmmmmmmmmmmmmmmmmmmmmmmmmmmmmmmmmmmmmmmmmm

          FULLY relativistic calculation 

          the  BREIT interaction  will be ignored

          the  ORBITAL POLARISATION  will be ignored

          solver for     spherical Dirac equation: BS           TOL = 2.0E-08

          solver for spherical equation:     BS        


          SWS =  2.670389     ALAT =  5.423514

          NQ =  1     NL =  3     NLM =   9   NQ*NLM =   9
                      NK =  5     NKM =  18     NKKR =  18     NLIN =  30

          POTFMTINP = 9     POTFMTOUT = 9
          RDTAU     = F
          WRTAU     = F
          PLOTPOT   = F     PLOTRHO   = F     PLOTSFN   = F
          PLOT2DPOT = F     PLOT2DRHO = F
          IPRINT    = 0     ITEST     = 0     WRMAT     = F
          INITELOOP = T     RUNELOOP  = T     SPLITSS   = F
          adjusted          BRAVAIS   = F
          symmetrized       BASIS     = F
          optimized         BASIS     = F
          NO_SYM for        HOST      = F     CLU       = F     LINRESP   = F
          symmetrize        MSS       = T     TAU       = F
                            RHO       = T     POT       = F
          LLOYD      = F
          GF_CONV_RH = F
          NONMAG     = F
          FULLPOT    = F
          FULLCHARGE = F

          TASK       = NONE      

          SYSDIM     = 3D        
          SYSTYPE    = BULK                          
          SUBSYSTEM  = BULK                          
          KKRMODE    = STANDARD-KKR                  

 eeeeeeeeeeeeeeeeeeeeeeeeeeeeeeeeeeeeeeeeeeeeeeeeeeeeeeeeeeeeeeeeeeeeeeeeeeeeeee

          energy path:  STRAIGHT CPLX. PATH PARA. TO REAL AXIS  
          energies  :         300
          E_min     :   -0.200000
          E_max     :    1.000000
          Im(E)     :    0.010000
          E_Fermi   :    0.735364
  

 *******************************************************************************
                                   <STRINIT>
 *******************************************************************************

          parameters for calculation of structure constants:

          primitive vectors for Bravais lattice

            (  -0.50000,   0.50000,   0.50000 )
            (   0.50000,  -0.50000,   0.50000 )
            (   0.50000,   0.50000,  -0.50000 )

          basis vectors in units of a

            (   0.00000,   0.00000,   0.00000 )

          primitive vectors of reciprocal space
                 in units of 2*pi/a

            (   0.00000,   1.00000,   1.00000 )
            (   1.00000,   0.00000,   1.00000 )
            (   1.00000,   1.00000,   0.00000 )

          number of inequivalent QQP-block-matrices  NQQP_STR     =       1
          reduced number of inequiv. block-matrices  NQQP_STR_RED =       1



          RMAX  =    3.0388          GMAX  =    3.6179
          RMAX1 =    0.0000          GMAX1 =    1.4142
          RA    =    3.0388          GA    =    3.6179

          NUMR  =         9          NUMG  =         7
          NRDL  =       259          NGRL  =       225

          for LMAX = 2    96 non-zero GAUNTS tabulated


 *******************************************************************************
            array sizes for calculation of structure constants
 *******************************************************************************
                                          used              available
          G-vectors table       NGRL       225        NGRLMAX     729
          R-vectors table       NRDL       259        NRDLMAX    1331
          R-vectors (max.)      SMAX       259        NSDL        259
          R-vectors (min.)      SMAX       259
          l-max + 1             NL           3        NLMAX         3
          sites                 NQ_STR       1        NQMAX         1
          q-q'-blocks           NQQP_STR     1        LIMIT         1
          auxilary array        R123MAX      4
          auxilary array        G123MAX      3
          Davis eq. (13)        J13MAX     113        LIMIT       300
          Davis eq. (22)        J22MAX      30        LIMIT       150
          Gaunts                LRGNT12     45
          Gaunts                LRGNT123    96
          Ewald parameter       ETA       0.31
 *******************************************************************************


          <INIT_MOD_STR>: section 1 of module MOD_STR initialized
          allocated         586  integers        101842  reals (incl. complex)
          corresp. to         0  Mbytes               0  Mbytes


 ttttttttttttttttttttttttttttttttttttttttttttttttttttttttttttttttttttttttttttttt

          parameters for k-space integration:
          NWEDGE:   3  wedges:  1  5  9
          regular k-mesh used for point sampling

          k-vectors to start  NKPTS0                  12000
          k-vectors full BZ   NKTABNKTAB_FULL_BZ      10648
          mesh parameters     NBGL                     22   22   22
          k-vectors created   NKTAB                     834
          array size (NKTABMAX)                        1080



          ****************************
          no CPA-iteration required
          ****************************


 fffffffffffffffffffffffffffffffffffffffffffffffffffffffffffffffffffffffffffffff

          FILES:

          potential :  ( 4) Fe.pot_new
          DOS       :  (10) Fe_DOS_DOS.dos
  

  ATOM   IT      :     1
  ATOMIC NUMBER  :    26

  IT          MUE  KAP ITER      ENERGY        B (k-Gauss)      <S_z>  
   1   1s1/2 -1/2  -1   6    -511.84966373     -2973209.487    -0.988
   1   1s1/2  1/2  -1   2    -511.85005985      2973189.694     0.988
                                                    -19.794

   1   2s1/2 -1/2  -1   6     -58.75331670      -276826.128    -0.998
   1   2s1/2  1/2  -1   3     -58.84924525       276275.657     0.998
                                                   -550.470

   1   2p3/2 -3/2  -2   8     -49.64916037       -46593.648    -0.997
   1   2p3/2 -1/2  -2   4     -49.67275066       -14578.922    -0.401
   1   2p1/2 -1/2   1   5     -50.61491044       -83528.052     0.400
   1   2p3/2  1/2  -2   4     -49.69755009        16708.394     0.258
   1   2p1/2  1/2   1   4     -50.59073323        81493.169    -0.257
   1   2p3/2  3/2  -2   3     -49.72376977        46500.852     0.998
                                                      1.793

   1   3s1/2 -1/2  -1  11      -5.47879015       -40060.813    -1.000
   1   3s1/2  1/2  -1   4      -5.67284113        40377.924     1.000
                                                    317.111

   1   3p3/2 -3/2  -2  13      -2.98187690        -5766.825    -1.000
   1   3p3/2 -1/2  -2   5      -3.00743762        -1931.128    -0.903
   1   3p1/2 -1/2   1   5      -3.25703623       -10391.936     0.903
   1   3p3/2  1/2  -2   5      -3.03993980         6600.462    -0.814
   1   3p1/2  1/2   1   5      -3.22405245         5651.428     0.814
   1   3p3/2  3/2  -2   4      -3.16889209         5837.320     1.000
                                                     -0.678

  ---------------------------------------------------------
                                                   -252.038
                                      (S)          -253.153
  *********************************************************


     No. of displacements:           1
     Debye temperature:         420.00 [K]

          FLUCT_DIR_SETTING: not set   
          allowed input: SETFLUCT = M_T, MCS, RDLM, MLIN
          N_TEMP_LAT:                 1
          TEMP_LAT_MIN:           0.000
          TEMP_LAT_MAX:           0.000

       1 temperatures in the range  T =     0.00 --     0.00 [K]



 *******************************************************************************
                                 <THERMAL_INIT>:
 *******************************************************************************

     NO thermal lattice vibrations NOR spin fluctuations to deal with

     setting of parameters and array dimensions

     NVIBFLU  =     1      NT      =     1
     NVT      =     1      NVTMAX  =     1
     NFT      =     1      NFTMAX  =     1
     NVFT     =     1      NVFTMAX =     1


 226 E= 0.7030 0.0100          IT=   1  Fe      
               DOS  [1/Ry]  |  m_spin  [m_B]  |  m_orb   [m_B]  |   B_tot   [kG]
 INT  GF           0.09973           0.01735           0.00490           5.26641
 TOT  GF          24.84894           4.32300           1.22115        1312.21444
 ===============================================================================

 227 E= 0.7070 0.0100          IT=   1  Fe      
               DOS  [1/Ry]  |  m_spin  [m_B]  |  m_orb   [m_B]  |   B_tot   [kG]
 INT  GF           0.19388           0.03389           0.00947          10.60440
 TOT  GF          23.45862           4.12024           1.13946        1330.04885
 ===============================================================================

 228 E= 0.7110 0.0100          IT=   1  Fe      
               DOS  [1/Ry]  |  m_spin  [m_B]  |  m_orb   [m_B]  |   B_tot   [kG]
 INT  GF           0.28336           0.05061           0.01382          16.02985
 TOT  GF          22.29634           4.16789           1.08385        1351.84001
 ===============================================================================

 229 E= 0.7151 0.0100          IT=   1  Fe      
               DOS  [1/Ry]  |  m_spin  [m_B]  |  m_orb   [m_B]  |   B_tot   [kG]
 INT  GF           0.36831           0.06789           0.01794          21.44292
 TOT  GF          21.16700           4.30516           1.02584        1348.75833
 ===============================================================================

 230 E= 0.7191 0.0100          IT=   1  Fe      
               DOS  [1/Ry]  |  m_spin  [m_B]  |  m_orb   [m_B]  |   B_tot   [kG]
 INT  GF           0.44818           0.08578           0.02171          26.73280
 TOT  GF          19.90038           4.45736           0.93837        1318.06207
 ===============================================================================

 231 E= 0.7231 0.0100          IT=   1  Fe      
               DOS  [1/Ry]  |  m_spin  [m_B]  |  m_orb   [m_B]  |   B_tot   [kG]
 INT  GF           0.52229           0.10375           0.02502          31.78602
 TOT  GF          18.46715           4.47705           0.82614        1259.09268
 ===============================================================================

 232 E= 0.7271 0.0100          IT=   1  Fe      
               DOS  [1/Ry]  |  m_spin  [m_B]  |  m_orb   [m_B]  |   B_tot   [kG]
 INT  GF           0.59097           0.12133           0.02794          36.56061
 TOT  GF          17.11096           4.38074           0.72811        1189.66855
 ===============================================================================

 233 E= 0.7311 0.0100          IT=   1  Fe      
               DOS  [1/Ry]  |  m_spin  [m_B]  |  m_orb   [m_B]  |   B_tot   [kG]
 INT  GF           0.65459           0.13775           0.03055          40.96948
 TOT  GF          15.85327           4.09177           0.65024        1098.54430
 ===============================================================================

 234 E= 0.7351 0.0100          IT=   1  Fe      
               DOS  [1/Ry]  |  m_spin  [m_B]  |  m_orb   [m_B]  |   B_tot   [kG]
 INT  GF           0.71311           0.15172           0.03286          44.99817
 TOT  GF          14.58068           3.48125           0.57527        1003.81393
 ===============================================================================

 235 E= 0.7391 0.0100          IT=   1  Fe      
               DOS  [1/Ry]  |  m_spin  [m_B]  |  m_orb   [m_B]  |   B_tot   [kG]
 INT  GF           0.76652           0.16240           0.03486          48.80173
 TOT  GF          13.30727           2.65973           0.49702         947.72196
 ===============================================================================

 236 E= 0.7431 0.0100          IT=   1  Fe      
               DOS  [1/Ry]  |  m_spin  [m_B]  |  m_orb   [m_B]  |   B_tot   [kG]
 INT  GF           0.81532           0.16981           0.03654          52.56479
 TOT  GF          12.16086           1.84748           0.41913         937.62798
 ===============================================================================

 237 E= 0.7472 0.0100          IT=   1  Fe      
               DOS  [1/Ry]  |  m_spin  [m_B]  |  m_orb   [m_B]  |   B_tot   [kG]
 INT  GF           0.86032           0.17436           0.03794          56.45905
 TOT  GF          11.21244           1.13311           0.34918         970.31895
 ===============================================================================

 238 E= 0.7512 0.0100          IT=   1  Fe      
               DOS  [1/Ry]  |  m_spin  [m_B]  |  m_orb   [m_B]  |   B_tot   [kG]
 INT  GF           0.90236           0.17663           0.03913          60.66330
 TOT  GF          10.47418           0.56554           0.29618        1047.55912
 ===============================================================================

 239 E= 0.7552 0.0100          IT=   1  Fe      
               DOS  [1/Ry]  |  m_spin  [m_B]  |  m_orb   [m_B]  |   B_tot   [kG]
 INT  GF           0.94258           0.17692           0.04019          65.23349
 TOT  GF          10.02229           0.07280           0.26446        1138.73978
 ===============================================================================

 240 E= 0.7592 0.0100          IT=   1  Fe      
               DOS  [1/Ry]  |  m_spin  [m_B]  |  m_orb   [m_B]  |   B_tot   [kG]
 INT  GF           0.98227           0.17472           0.04117          70.02129
 TOT  GF           9.88912          -0.54921           0.24458        1192.95925
 ===============================================================================

 241 E= 0.7632 0.0100          IT=   1  Fe      
               DOS  [1/Ry]  |  m_spin  [m_B]  |  m_orb   [m_B]  |   B_tot   [kG]
 INT  GF           1.02224           0.16895           0.04207          74.71084
 TOT  GF           9.95954          -1.43827           0.22447        1168.47971
 ===============================================================================

 242 E= 0.7672 0.0100          IT=   1  Fe      
               DOS  [1/Ry]  |  m_spin  [m_B]  |  m_orb   [m_B]  |   B_tot   [kG]
 INT  GF           1.06272           0.15889           0.04286          78.91795
 TOT  GF          10.08533          -2.50640           0.19549        1048.27326
 ===============================================================================

 243 E= 0.7712 0.0100          IT=   1  Fe      
               DOS  [1/Ry]  |  m_spin  [m_B]  |  m_orb   [m_B]  |   B_tot   [kG]
 INT  GF           1.10380           0.14493           0.04346          82.53763
 TOT  GF          10.23581          -3.47775           0.15009         901.90323
 ===============================================================================

 244 E= 0.7753 0.0100          IT=   1  Fe      
               DOS  [1/Ry]  |  m_spin  [m_B]  |  m_orb   [m_B]  |   B_tot   [kG]
 INT  GF           1.14558           0.12807           0.04383          85.73656
 TOT  GF          10.41120          -4.20162           0.09164         797.06742
 ===============================================================================

 245 E= 0.7793 0.0100          IT=   1  Fe      
               DOS  [1/Ry]  |  m_spin  [m_B]  |  m_orb   [m_B]  |   B_tot   [kG]
 INT  GF           1.18840           0.10904           0.04397          88.73225
 TOT  GF          10.66844          -4.74064           0.03458         746.42538
 ===============================================================================

 246 E= 0.7833 0.0100          IT=   1  Fe      
               DOS  [1/Ry]  |  m_spin  [m_B]  |  m_orb   [m_B]  |   B_tot   [kG]
 INT  GF           1.23355           0.08744           0.04394          91.72973
 TOT  GF          11.24967          -5.38194          -0.00735         746.87199
 ===============================================================================

 247 E= 0.7873 0.0100          IT=   1  Fe      
               DOS  [1/Ry]  |  m_spin  [m_B]  |  m_orb   [m_B]  |   B_tot   [kG]
 INT  GF           1.28254           0.06180           0.04377          94.73546
 TOT  GF          12.20619          -6.38984          -0.04068         748.92766
 ===============================================================================

 248 E= 0.7913 0.0100          IT=   1  Fe      
               DOS  [1/Ry]  |  m_spin  [m_B]  |  m_orb   [m_B]  |   B_tot   [kG]
 INT  GF           1.33554           0.03155           0.04348          97.62124
 TOT  GF          13.20748          -7.53551          -0.07455         719.03951
 ===============================================================================

 249 E= 0.7953 0.0100          IT=   1  Fe      
               DOS  [1/Ry]  |  m_spin  [m_B]  |  m_orb   [m_B]  |   B_tot   [kG]
 INT  GF           1.39211          -0.00256           0.04308         100.43816
 TOT  GF          14.09323          -8.49895          -0.09847         701.88319
 ===============================================================================

 250 E= 0.7993 0.0100          IT=   1  Fe      
               DOS  [1/Ry]  |  m_spin  [m_B]  |  m_orb   [m_B]  |   B_tot   [kG]
 INT  GF           1.45254          -0.04019           0.04271         103.35617
 TOT  GF          15.05807          -9.37710          -0.09317         727.07078
 ===============================================================================

 251 E= 0.8033 0.0100          IT=   1  Fe      
               DOS  [1/Ry]  |  m_spin  [m_B]  |  m_orb   [m_B]  |   B_tot   [kG]
 INT  GF           1.51721          -0.08155           0.04245         106.40039
 TOT  GF          16.11269         -10.30644          -0.06488         758.51716
 ===============================================================================

 252 E= 0.8074 0.0100          IT=   1  Fe      
               DOS  [1/Ry]  |  m_spin  [m_B]  |  m_orb   [m_B]  |   B_tot   [kG]
 INT  GF           1.58628          -0.12732           0.04229         109.45195
 TOT  GF          17.21152         -11.40410          -0.03869         760.34767
 ===============================================================================

 253 E= 0.8114 0.0100          IT=   1  Fe      
               DOS  [1/Ry]  |  m_spin  [m_B]  |  m_orb   [m_B]  |   B_tot   [kG]
 INT  GF           1.65990          -0.17809           0.04222         112.47008
 TOT  GF          18.34324         -12.64859          -0.01795         752.01880
 ===============================================================================

 254 E= 0.8154 0.0100          IT=   1  Fe      
               DOS  [1/Ry]  |  m_spin  [m_B]  |  m_orb   [m_B]  |   B_tot   [kG]
 INT  GF           1.73770          -0.23368           0.04219         115.49087
 TOT  GF          19.38597         -13.85262          -0.00625         752.67937
 ===============================================================================

 255 E= 0.8194 0.0100          IT=   1  Fe      
               DOS  [1/Ry]  |  m_spin  [m_B]  |  m_orb   [m_B]  |   B_tot   [kG]
 INT  GF           1.81867          -0.29342           0.04219         118.39868
 TOT  GF          20.17286         -14.88511          -0.00192         724.52849
 ===============================================================================

 256 E= 0.8234 0.0100          IT=   1  Fe      
               DOS  [1/Ry]  |  m_spin  [m_B]  |  m_orb   [m_B]  |   B_tot   [kG]
 INT  GF           1.90163          -0.35642           0.04226         121.10556
 TOT  GF          20.67237         -15.69774           0.01862         674.46462
 ===============================================================================

 257 E= 0.8274 0.0100          IT=   1  Fe      
               DOS  [1/Ry]  |  m_spin  [m_B]  |  m_orb   [m_B]  |   B_tot   [kG]
 INT  GF           1.98622          -0.42224           0.04245         123.69416
 TOT  GF          21.07617         -16.39962           0.04687         644.99244
 ===============================================================================

 258 E= 0.8314 0.0100          IT=   1  Fe      
               DOS  [1/Ry]  |  m_spin  [m_B]  |  m_orb   [m_B]  |   B_tot   [kG]
 INT  GF           2.07279          -0.49098           0.04263         126.21520
 TOT  GF          21.57078         -17.12649           0.04488         628.15955
 ===============================================================================

 259 E= 0.8355 0.0100          IT=   1  Fe      
               DOS  [1/Ry]  |  m_spin  [m_B]  |  m_orb   [m_B]  |   B_tot   [kG]
 INT  GF           2.16181          -0.56274           0.04260         128.64640
 TOT  GF          22.18189         -17.87999          -0.00818         605.77461
 ===============================================================================

 260 E= 0.8395 0.0100          IT=   1  Fe      
               DOS  [1/Ry]  |  m_spin  [m_B]  |  m_orb   [m_B]  |   B_tot   [kG]
 INT  GF           2.25404          -0.63782           0.04211         130.92403
 TOT  GF          22.97904         -18.70950          -0.12159         567.51001
 ===============================================================================

 261 E= 0.8435 0.0100          IT=   1  Fe      
               DOS  [1/Ry]  |  m_spin  [m_B]  |  m_orb   [m_B]  |   B_tot   [kG]
 INT  GF           2.35010          -0.71656           0.04084         132.75348
 TOT  GF          23.93535         -19.61896          -0.31689         455.83644
 ===============================================================================

 262 E= 0.8475 0.0100          IT=   1  Fe      
               DOS  [1/Ry]  |  m_spin  [m_B]  |  m_orb   [m_B]  |   B_tot   [kG]
 INT  GF           2.44987          -0.79843           0.03843         133.80380
 TOT  GF          24.86008         -20.39792          -0.59890         261.70503
 ===============================================================================

 263 E= 0.8515 0.0100          IT=   1  Fe      
               DOS  [1/Ry]  |  m_spin  [m_B]  |  m_orb   [m_B]  |   B_tot   [kG]
 INT  GF           2.55151          -0.88113           0.03487         134.06648
 TOT  GF          25.32540         -20.60771          -0.88825          65.45177
 ===============================================================================

 264 E= 0.8555 0.0100          IT=   1  Fe      
               DOS  [1/Ry]  |  m_spin  [m_B]  |  m_orb   [m_B]  |   B_tot   [kG]
 INT  GF           2.65040          -0.96018           0.03073         133.92706
 TOT  GF          24.63905         -19.69693          -1.02977         -34.73878
 ===============================================================================

 265 E= 0.8595 0.0100          IT=   1  Fe      
               DOS  [1/Ry]  |  m_spin  [m_B]  |  m_orb   [m_B]  |   B_tot   [kG]
 INT  GF           2.74167          -1.03128           0.02687         133.79837
 TOT  GF          22.74258         -17.71505          -0.96407         -32.06509
 ===============================================================================

 266 E= 0.8635 0.0100          IT=   1  Fe      
               DOS  [1/Ry]  |  m_spin  [m_B]  |  m_orb   [m_B]  |   B_tot   [kG]
 INT  GF           2.82387          -1.09360           0.02363         133.64338
 TOT  GF          20.48124         -15.52670          -0.80710         -38.61839
 ===============================================================================

 267 E= 0.8676 0.0100          IT=   1  Fe      
               DOS  [1/Ry]  |  m_spin  [m_B]  |  m_orb   [m_B]  |   B_tot   [kG]
 INT  GF           2.89811          -1.14862           0.02099         133.27889
 TOT  GF          18.49768         -13.70961          -0.65799         -90.81836
 ===============================================================================

 268 E= 0.8716 0.0100          IT=   1  Fe      
               DOS  [1/Ry]  |  m_spin  [m_B]  |  m_orb   [m_B]  |   B_tot   [kG]
 INT  GF           2.96596          -1.19811           0.01881         132.70988
 TOT  GF          16.90647         -12.33169          -0.54263        -141.78024
 ===============================================================================

 269 E= 0.8756 0.0100          IT=   1  Fe      
               DOS  [1/Ry]  |  m_spin  [m_B]  |  m_orb   [m_B]  |   B_tot   [kG]
 INT  GF           3.02926          -1.24400           0.01692         132.09146
 TOT  GF          15.77072         -11.43517          -0.46940        -154.08976
 ===============================================================================

 270 E= 0.8796 0.0100          IT=   1  Fe      
               DOS  [1/Ry]  |  m_spin  [m_B]  |  m_orb   [m_B]  |   B_tot   [kG]
 INT  GF           3.08951          -1.28756           0.01516         131.56071
 TOT  GF          15.01416         -10.85171          -0.43907        -132.24528
 ===============================================================================

 271 E= 0.8836 0.0100          IT=   1  Fe      
               DOS  [1/Ry]  |  m_spin  [m_B]  |  m_orb   [m_B]  |   B_tot   [kG]
 INT  GF           3.14701          -1.32892           0.01347         131.14620
 TOT  GF          14.32630         -10.30692          -0.42152        -103.28203
 ===============================================================================

 272 E= 0.8876 0.0100          IT=   1  Fe      
               DOS  [1/Ry]  |  m_spin  [m_B]  |  m_orb   [m_B]  |   B_tot   [kG]
 INT  GF           3.20117          -1.36735           0.01193         131.02002
 TOT  GF          13.49409          -9.57465          -0.38381         -31.43928
 ===============================================================================

 273 E= 0.8916 0.0100          IT=   1  Fe      
               DOS  [1/Ry]  |  m_spin  [m_B]  |  m_orb   [m_B]  |   B_tot   [kG]
 INT  GF           3.25171          -1.40234           0.01059         131.27504
 TOT  GF          12.59368          -8.71943          -0.33329          63.54384
 ===============================================================================

 274 E= 0.8957 0.0100          IT=   1  Fe      
               DOS  [1/Ry]  |  m_spin  [m_B]  |  m_orb   [m_B]  |   B_tot   [kG]
 INT  GF           3.29886          -1.43419           0.00943         131.68815
 TOT  GF          11.74937          -7.93643          -0.29070         102.93324
 ===============================================================================

 275 E= 0.8997 0.0100          IT=   1  Fe      
               DOS  [1/Ry]  |  m_spin  [m_B]  |  m_orb   [m_B]  |   B_tot   [kG]
 INT  GF           3.34370          -1.46408           0.00834         132.00443
 TOT  GF          11.17034          -7.44571          -0.27161          78.80654
 ===============================================================================

 276 E= 0.9037 0.0100          IT=   1  Fe      
               DOS  [1/Ry]  |  m_spin  [m_B]  |  m_orb   [m_B]  |   B_tot   [kG]
 INT  GF           3.38735          -1.49316           0.00722         132.21010
 TOT  GF          10.87598          -7.24580          -0.27680          51.24639
 ===============================================================================

 277 E= 0.9077 0.0100          IT=   1  Fe      
               DOS  [1/Ry]  |  m_spin  [m_B]  |  m_orb   [m_B]  |   B_tot   [kG]
 INT  GF           3.42982          -1.52142           0.00606         132.44567
 TOT  GF          10.58234          -7.04174          -0.28926          58.69421
 ===============================================================================

 278 E= 0.9117 0.0100          IT=   1  Fe      
               DOS  [1/Ry]  |  m_spin  [m_B]  |  m_orb   [m_B]  |   B_tot   [kG]
 INT  GF           3.47060          -1.54812           0.00490         132.73339
 TOT  GF          10.16114          -6.65402          -0.29020          71.69206
 ===============================================================================

 279 E= 0.9157 0.0100          IT=   1  Fe      
               DOS  [1/Ry]  |  m_spin  [m_B]  |  m_orb   [m_B]  |   B_tot   [kG]
 INT  GF           3.50932          -1.57234           0.00382         133.09333
 TOT  GF           9.64955          -6.03480          -0.26974          89.68343
 ===============================================================================

 280 E= 0.9197 0.0100          IT=   1  Fe      
               DOS  [1/Ry]  |  m_spin  [m_B]  |  m_orb   [m_B]  |   B_tot   [kG]
 INT  GF           3.54584          -1.59318           0.00287         133.66166
 TOT  GF           9.09854          -5.19269          -0.23652         141.60869
 ===============================================================================

 281 E= 0.9237 0.0100          IT=   1  Fe      
               DOS  [1/Ry]  |  m_spin  [m_B]  |  m_orb   [m_B]  |   B_tot   [kG]
 INT  GF           3.58001          -1.60997           0.00205         134.58739
 TOT  GF           8.51459          -4.18305          -0.20365         230.66144
 ===============================================================================

 282 E= 0.9278 0.0100          IT=   1  Fe      
               DOS  [1/Ry]  |  m_spin  [m_B]  |  m_orb   [m_B]  |   B_tot   [kG]
 INT  GF           3.61206          -1.62306           0.00133         135.85103
 TOT  GF           7.98558          -3.26243          -0.17843         314.85708
 ===============================================================================

 283 E= 0.9318 0.0100          IT=   1  Fe      
               DOS  [1/Ry]  |  m_spin  [m_B]  |  m_orb   [m_B]  |   B_tot   [kG]
 INT  GF           3.64202          -1.63364           0.00069         137.24099
 TOT  GF           7.46401          -2.63427          -0.16064         346.33142
 ===============================================================================

 284 E= 0.9358 0.0100          IT=   1  Fe      
               DOS  [1/Ry]  |  m_spin  [m_B]  |  m_orb   [m_B]  |   B_tot   [kG]
 INT  GF           3.66938          -1.64291           0.00010         138.54050
 TOT  GF           6.81812          -2.31152          -0.14645         323.79594
 ===============================================================================

 285 E= 0.9398 0.0100          IT=   1  Fe      
               DOS  [1/Ry]  |  m_spin  [m_B]  |  m_orb   [m_B]  |   B_tot   [kG]
 INT  GF           3.69393          -1.65191          -0.00044         139.43456
 TOT  GF           6.11770          -2.24093          -0.13399         222.76848
 ===============================================================================

 286 E= 0.9438 0.0100          IT=   1  Fe      
               DOS  [1/Ry]  |  m_spin  [m_B]  |  m_orb   [m_B]  |   B_tot   [kG]
 INT  GF           3.71637          -1.66114          -0.00094         139.72765
 TOT  GF           5.58986          -2.30042          -0.12585          73.02833
 ===============================================================================

 287 E= 0.9478 0.0100          IT=   1  Fe      
               DOS  [1/Ry]  |  m_spin  [m_B]  |  m_orb   [m_B]  |   B_tot   [kG]
 INT  GF           3.73782          -1.67063          -0.00143         139.52196
 TOT  GF           5.34524          -2.36578          -0.12199         -51.24980
 ===============================================================================

 288 E= 0.9518 0.0100          IT=   1  Fe      
               DOS  [1/Ry]  |  m_spin  [m_B]  |  m_orb   [m_B]  |   B_tot   [kG]
 INT  GF           3.75902          -1.68013          -0.00191         139.01261
 TOT  GF           5.28341          -2.36504          -0.11900        -126.91375
 ===============================================================================

 289 E= 0.9559 0.0100          IT=   1  Fe      
               DOS  [1/Ry]  |  m_spin  [m_B]  |  m_orb   [m_B]  |   B_tot   [kG]
 INT  GF           3.78017          -1.68931          -0.00237         138.36965
 TOT  GF           5.26864          -2.28893          -0.11445        -160.20456
 ===============================================================================

 290 E= 0.9599 0.0100          IT=   1  Fe      
               DOS  [1/Ry]  |  m_spin  [m_B]  |  m_orb   [m_B]  |   B_tot   [kG]
 INT  GF           3.80121          -1.69803          -0.00280         137.70618
 TOT  GF           5.24367          -2.17258          -0.10872        -165.31417
 ===============================================================================

 291 E= 0.9639 0.0100          IT=   1  Fe      
               DOS  [1/Ry]  |  m_spin  [m_B]  |  m_orb   [m_B]  |   B_tot   [kG]
 INT  GF           3.82182          -1.70595          -0.00321         137.25269
 TOT  GF           5.13394          -1.97318          -0.10015        -112.99443
 ===============================================================================

 292 E= 0.9679 0.0100          IT=   1  Fe      
               DOS  [1/Ry]  |  m_spin  [m_B]  |  m_orb   [m_B]  |   B_tot   [kG]
 INT  GF           3.84161          -1.71290          -0.00357         137.14721
 TOT  GF           4.93148          -1.73132          -0.08954         -26.28330
 ===============================================================================

 293 E= 0.9719 0.0100          IT=   1  Fe      
               DOS  [1/Ry]  |  m_spin  [m_B]  |  m_orb   [m_B]  |   B_tot   [kG]
 INT  GF           3.86069          -1.71937          -0.00390         137.12564
 TOT  GF           4.75465          -1.61165          -0.08227          -5.37381
 ===============================================================================

 294 E= 0.9759 0.0100          IT=   1  Fe      
               DOS  [1/Ry]  |  m_spin  [m_B]  |  m_orb   [m_B]  |   B_tot   [kG]
 INT  GF           3.87938          -1.72564          -0.00421         136.92360
 TOT  GF           4.65535          -1.56378          -0.07807         -50.34094
 ===============================================================================

 295 E= 0.9799 0.0100          IT=   1  Fe      
               DOS  [1/Ry]  |  m_spin  [m_B]  |  m_orb   [m_B]  |   B_tot   [kG]
 INT  GF           3.89777          -1.73145          -0.00450         136.55912
 TOT  GF           4.58186          -1.44774          -0.07318         -90.81784
 ===============================================================================

 296 E= 0.9839 0.0100          IT=   1  Fe      
               DOS  [1/Ry]  |  m_spin  [m_B]  |  m_orb   [m_B]  |   B_tot   [kG]
 INT  GF           3.91576          -1.73655          -0.00477         136.30831
 TOT  GF           4.48455          -1.27061          -0.06660         -62.49359
 ===============================================================================

 297 E= 0.9880 0.0100          IT=   1  Fe      
               DOS  [1/Ry]  |  m_spin  [m_B]  |  m_orb   [m_B]  |   B_tot   [kG]
 INT  GF           3.93347          -1.74112          -0.00501         136.34527
 TOT  GF           4.41151          -1.13674          -0.06081           9.21031
 ===============================================================================

 298 E= 0.9920 0.0100          IT=   1  Fe      
               DOS  [1/Ry]  |  m_spin  [m_B]  |  m_orb   [m_B]  |   B_tot   [kG]
 INT  GF           3.95120          -1.74527          -0.00524         136.61238
 TOT  GF           4.41771          -1.03554          -0.05657          66.55385
 ===============================================================================

 299 E= 0.9960 0.0100          IT=   1  Fe      
               DOS  [1/Ry]  |  m_spin  [m_B]  |  m_orb   [m_B]  |   B_tot   [kG]
 INT  GF           3.96914          -1.74920          -0.00546         136.83020
 TOT  GF           4.47164          -0.97760          -0.05404          54.27359
 ===============================================================================

 300 E= 1.0000 0.0100   L= 0   IT=   1  Fe        CRYSTAL TERMS       
               DOS  [1/Ry]  |  m_spin  [m_B]  |  m_orb   [m_B]  |   B_tot   [kG]
 INT               0.08925           0.02033          -0.00000         129.49541
 SUM               0.30129          -0.00515          -0.00000           0.00459
 MJ= -1/2          0.15322          -0.15321           0.00001          -0.98556
 MJ=  1/2          0.14807           0.14806          -0.00001           0.99014

 300 E= 1.0000 0.0100   L= 1   IT=   1  Fe        CRYSTAL TERMS       
               DOS  [1/Ry]  |  m_spin  [m_B]  |  m_orb   [m_B]  |   B_tot   [kG]
 INT               0.31531           0.04949           0.00058          -0.05173
 SUM               1.35079           0.23325          -0.00382          -0.00795
 MJ= -3/2          0.18697          -0.18696          -0.18694          -0.18477
 MJ= -1/2          0.45145           0.07892          -0.26516          -0.50277
 MJ=  1/2          0.44956           0.07849           0.18551           0.42058
 MJ=  3/2          0.26281           0.26280           0.26276           0.25901

 300 E= 1.0000 0.0100   L= 2   IT=   1  Fe        CRYSTAL TERMS       
               DOS  [1/Ry]  |  m_spin  [m_B]  |  m_orb   [m_B]  |   B_tot   [kG]
 INT               3.57371          -1.82107          -0.00614           7.32275
 SUM               2.89503          -1.24873          -0.05029          -0.02841
 MJ= -5/2          0.41452          -0.41449          -0.82859          -0.51825
 MJ= -3/2          0.63991          -0.32294          -0.79796          -0.68698
 MJ= -1/2          0.48946          -0.14829          -0.17047          -0.17931
 MJ=  1/2          0.62762          -0.32124           0.47429           0.33362
 MJ=  3/2          0.55664          -0.20862           0.93888           0.79961
 MJ=  5/2          0.16688           0.16687           0.33356           0.22289

 300 E= 1.0000 0.0100          IT=   1  Fe      
               DOS  [1/Ry]  |  m_spin  [m_B]  |  m_orb   [m_B]  |   B_tot   [kG]
 INT  GF           3.97827          -1.75124          -0.00557         136.76643
 TOT  GF           4.54711          -1.02063          -0.05411         -31.77727
 -------------------------------------------------------------------------------
 TOT DOS           4.54711
     INT           3.97827          -1.75124          -0.00557
 ===============================================================================

 CPU - time used in  <GEN>:      7.457 sec


 *******************************************************************************
 *******************************************************************************

          MPI process number  0  out of   4 processes
          calculation for task = NONE      
          finished in subroutine <KKRGEN>
          Regular stop
          run time info  CPU      8.701 sec
                         WALL     8.384 sec

 *******************************************************************************
 *******************************************************************************

          program stopped regularly via STOP_REGULAR

